05.12.2018 01:13:25: Checking infiSTAR license..
05.12.2018 01:13:25: infiSTAR customerID found.
05.12.2018 01:13:25: infiSTAR productLicense found.
05.12.2018 01:13:25: infiSTAR serverName found: Salty Dog ZOMBIES|Cherno Redux|EXILE|$99k|DeployBodyguard|WEED|BasePaint|Vector
05.12.2018 01:13:26: infiSTAR license result: ok
05.12.2018 01:27:27: Checking infiSTAR license..
05.12.2018 01:27:27: infiSTAR customerID found.
05.12.2018 01:27:27: infiSTAR productLicense found.
05.12.2018 01:27:27: infiSTAR serverName found: Salty Dog ZOMBIES|Cherno Redux|EXILE|$99k|DeployBodyguard|WEED|BasePaint|Vector
05.12.2018 01:27:28: infiSTAR license result: ok
05.12.2018 01:32:42: Checking infiSTAR license..
05.12.2018 01:32:42: infiSTAR customerID found.
05.12.2018 01:32:42: infiSTAR productLicense found.
05.12.2018 01:32:42: infiSTAR serverName found: GameTrackerClaimServer
05.12.2018 01:32:43: infiSTAR license result: ok
05.12.2018 01:36:21: Checking infiSTAR license..
05.12.2018 01:36:21: infiSTAR customerID found.
05.12.2018 01:36:21: infiSTAR productLicense found.
05.12.2018 01:36:21: infiSTAR serverName found: 322aba9a5ea925b620c29c2585051bb7c9f426f4
05.12.2018 01:36:21: infiSTAR license result: ok
05.12.2018 01:45:28: Checking infiSTAR license..
05.12.2018 01:45:28: infiSTAR customerID found.
05.12.2018 01:45:28: infiSTAR productLicense found.
05.12.2018 01:45:28: infiSTAR serverName found: Salty Dog ZOMBIES|Cherno Redux|EXILE|$99k|DeployBodyguard|WEED|BasePaint|Vector
05.12.2018 01:45:29: infiSTAR license result: ok
05.12.2018 02:11:22: Checking infiSTAR license..
05.12.2018 02:11:22: infiSTAR customerID found.
05.12.2018 02:11:23: infiSTAR productLicense found.
05.12.2018 02:11:23: infiSTAR serverName found: Salty Dog ZOMBIES|Cherno Redux|EXILE|$99k|DeployBodyguard|WEED|BasePaint|Vector
05.12.2018 02:11:23: infiSTAR license result: ok
05.12.2018 02:26:03: Checking infiSTAR license..
05.12.2018 02:26:03: infiSTAR customerID found.
05.12.2018 02:26:03: infiSTAR productLicense found.
05.12.2018 02:26:03: infiSTAR serverName found: Salty Dog ZOMBIES|Cherno Redux|EXILE|$99k|DeployBodyguard|WEED|BasePaint|Vector
05.12.2018 02:26:04: infiSTAR license result: ok
05.12.2018 02:36:13: Checking infiSTAR license..
05.12.2018 02:36:13: infiSTAR customerID found.
05.12.2018 02:36:13: infiSTAR productLicense found.
05.12.2018 02:36:13: infiSTAR serverName found: Salty Dog ZOMBIES|Cherno Redux|EXILE|$99k|DeployBodyguard|WEED|BasePaint|Vector
05.12.2018 02:36:14: infiSTAR license result: ok
05.12.2018 03:19:31: Checking infiSTAR license..
05.12.2018 03:19:31: infiSTAR customerID found.
05.12.2018 03:19:31: infiSTAR productLicense found.
05.12.2018 03:19:31: infiSTAR serverName found: Salty Dog ZOMBIES|Cherno Redux|EXILE|$99k|DeployBodyguard|WEED|BasePaint|Vector
05.12.2018 03:19:31: infiSTAR license result: ok
05.12.2018 03:56:23: Checking infiSTAR license..
05.12.2018 03:56:23: infiSTAR customerID found.
05.12.2018 03:56:23: infiSTAR productLicense found.
05.12.2018 03:56:23: infiSTAR serverName found: Salty Dog ZOMBIES|Cherno Redux|EXILE|$99k|DeployBodyguard|WEED|BasePaint|Vector
05.12.2018 03:56:24: infiSTAR license result: ok
05.12.2018 04:03:12: Checking infiSTAR license..
05.12.2018 04:03:12: infiSTAR customerID found.
05.12.2018 04:03:12: infiSTAR productLicense found.
05.12.2018 04:03:12: infiSTAR serverName found: Salty Dog ZOMBIES|Cherno Redux|EXILE|$99k|DeployBodyguard|WEED|BasePaint|Vector
05.12.2018 04:03:13: infiSTAR license result: ok
05.12.2018 07:02:53: Checking infiSTAR license..
05.12.2018 07:02:53: infiSTAR customerID found.
05.12.2018 07:02:53: infiSTAR productLicense found.
05.12.2018 07:02:53: infiSTAR serverName found: Salty Dog ZOMBIES|Cherno Redux|EXILE|$99k|DeployBodyguard|WEED|BasePaint|Vector
05.12.2018 07:02:54: infiSTAR license result: ok
05.12.2018 10:03:09: Checking infiSTAR license..
05.12.2018 10:03:09: infiSTAR customerID found.
05.12.2018 10:03:09: infiSTAR productLicense found.
05.12.2018 10:03:09: infiSTAR serverName found: Salty Dog ZOMBIES|Cherno Redux|EXILE|$99k|DeployBodyguard|WEED|BasePaint|Vector
05.12.2018 10:03:10: infiSTAR license result: ok
05.12.2018 13:03:02: Checking infiSTAR license..
05.12.2018 13:03:02: infiSTAR customerID found.
05.12.2018 13:03:02: infiSTAR productLicense found.
05.12.2018 13:03:02: infiSTAR serverName found: Salty Dog ZOMBIES|Cherno Redux|EXILE|$99k|DeployBodyguard|WEED|BasePaint|Vector
05.12.2018 13:03:03: infiSTAR license result: ok
05.12.2018 16:03:50: Checking infiSTAR license..
05.12.2018 16:03:50: infiSTAR customerID found.
05.12.2018 16:03:50: infiSTAR productLicense found.
05.12.2018 16:03:50: infiSTAR serverName found: Salty Dog ZOMBIES|Cherno Redux|EXILE|$99k|DeployBodyguard|WEED|BasePaint|Vector
05.12.2018 16:03:50: infiSTAR license result: ok
05.12.2018 19:03:49: Checking infiSTAR license..
05.12.2018 19:03:49: infiSTAR customerID found.
05.12.2018 19:03:49: infiSTAR productLicense found.
05.12.2018 19:03:49: infiSTAR serverName found: Salty Dog ZOMBIES|Cherno Redux|EXILE|$99k|DeployBodyguard|WEED|BasePaint|Vector
05.12.2018 19:03:50: infiSTAR license result: ok
05.12.2018 22:02:36: Checking infiSTAR license..
05.12.2018 22:02:36: infiSTAR customerID found.
05.12.2018 22:02:36: infiSTAR productLicense found.
05.12.2018 22:02:36: infiSTAR serverName found: Salty Dog ZOMBIES|Cherno Redux|EXILE|$99k|DeployBodyguard|WEED|BasePaint|Vector
05.12.2018 22:02:37: infiSTAR license result: ok
